***********************************************************
***********************************************************

  This calculation was performed by OpenMX Ver. 3.9.9 GPU
  using 18 MPI processes and 1 OpenMP threads.

  Wed Mar 11 13:23:55 2026

***********************************************************
***********************************************************

#
# File Name
#

System.CurrrentDirectory         ./    # default=./
System.Name                      cdia_nc
level.of.stdout                   1    # default=1 (1-3)
level.of.fileout                  0    # default=1 (0-2)
DATA.PATH                       ../../DFT_DATA19

#
# Definition of Atomic Species
#

Species.Number       1
<Definition.of.Atomic.Species
 C   C6.0-s1p1   C_PBE19
Definition.of.Atomic.Species>

#
# Atoms
#

Atoms.Number         2
Atoms.SpeciesAndCoordinates.Unit   Ang # Ang|AU
<Atoms.SpeciesAndCoordinates           
 1  C  0.000  0.000  0.000   2.0 2.0
 2  C  0.890  0.890  0.890   2.0 2.0
Atoms.SpeciesAndCoordinates>
Atoms.UnitVectors.Unit             Ang # Ang|AU
<Atoms.UnitVectors                     
   1.7800  1.7800  0.0000
   1.7800  0.0000  1.7800
   0.0000  1.7800  1.7800
Atoms.UnitVectors>

#
# SCF or Electronic System
#

scf.XcType                  GGA-PBE        # LDA|LSDA-CA|LSDA-PW|GGA-PBE
scf.SpinPolarization        nc        # On|Off|NC
scf.ElectronicTemperature  300.0       # default=300 (K)
scf.energycutoff           150.0       # default=150 (Ry)
scf.maxIter                 40        # default=40
scf.EigenvalueSolver       band        # DC|GDC|Cluster|Band
scf.Kgrid                  2 2 2       # means n1 x n2 x n3
scf.Mixing.Type           rmm-diisk    # Simple|Rmm-Diis|Gr-Pulay|Kerker|Rmm-Diisk
scf.Init.Mixing.Weight     0.30        # default=0.30 
scf.Min.Mixing.Weight      0.001       # default=0.001 
scf.Max.Mixing.Weight      0.700       # default=0.40 
scf.Mixing.History          7          # default=5
scf.Mixing.StartPulay       5          # default=6
scf.criterion             1.0e-10      # default=1.0e-6 (Hartree) 
scf.eigen.lib              cusolver

#
# MD or Geometry Optimization
#

MD.Type                      Opt      # Nomd|Opt|NVE|NVT_VS|NVT_NH
MD.maxIter                    1        # default=1
MD.TimeStep                   1        # default=0.5 (fs)
MD.Opt.criterion         1.0e-5        # default=1.0e-4 (Hartree/bohr)

#
# Band dispersion 
#

Band.dispersion              off        # on|off, default=off
<Band.KPath.UnitCell
3.56  0.00  0.00
0.00  3.56  0.00
0.00  0.00  3.56
Band.KPath.UnitCell>
# if <Band.KPath.UnitCell does not exist,
#     the reciprical lattice vector is employed. 
Band.Nkpath                5
<Band.kpath                
   25  0.0 0.0 0.0   1.0 0.0 0.0   g X
   25  1.0 0.0 0.0   1.0 0.5 0.0   X W
   25  1.0 0.5 0.0   0.5 0.5 0.5   W L
   25  0.5 0.5 0.5   0.0 0.0 0.0   L g
   25  0.0 0.0 0.0   1.0 0.0 0.0   g X 
Band.kpath>

#
# MO output
#

MO.fileout                       off   # on|off
num.HOMOs                         1    # default=2
num.LUMOs                         1    # default=2
MO.Nkpoint                        2    # default=1 
<MO.kpoint
  0.0  0.0  0.0
  0.0  0.0  0.2
MO.kpoint>

#
# DOS and PDOS
#

Dos.fileout                  off        # on|off, default=off
Dos.Erange              -25.0  20.0    # default = -20 20 
Dos.Kgrid                12 12 12      # default = Kgrid1 Kgrid2 Kgrid3
FermiSurfer.fileout          off       


***********************************************************
***********************************************************

  Required cutoff energy (Ryd) for 3D-grids = 150.0000
      Used cutoff energy (Ryd) for 3D-grids = 147.1993, 147.1993, 147.1993
  Num. of grids of a-, b-, and c-axes = 15, 15, 15

  Num.Grid1.    15
  Num.Grid2.    15
  Num.Grid3.    15


  Cell_Volume =     76.117849485348 (Bohr^3)
  GridVol     =      0.022553436885 (Bohr^3)
  Cell vectors (bohr) of the grid cell (gtv)
    gtv_a =  0.224247483978,  0.224247483978,  0.000000000000
    gtv_b =  0.224247483978,  0.000000000000,  0.224247483978
    gtv_c =  0.000000000000,  0.224247483978,  0.224247483978
    |gtv_a| =  0.317133833170
    |gtv_b| =  0.317133833170
    |gtv_c| =  0.317133833170

***********************************************************
***********************************************************


***********************************************************
***********************************************************
                  SCF history at MD= 1                    
***********************************************************
***********************************************************

   SCF=   1  NormRD=  1.000000000000  Uele= -3.070807268382
   SCF=   2  NormRD=  1.029541568435  Uele= -3.070807268382
   SCF=   3  NormRD=  0.881634467916  Uele= -3.118616485672
   SCF=   4  NormRD=  0.406795369068  Uele= -3.266810595498
   SCF=   5  NormRD=  0.074373362459  Uele= -3.350993384798
   SCF=   6  NormRD=  0.000242843413  Uele= -3.390294794686
   SCF=   7  NormRD=  0.000162767941  Uele= -3.390272497827
   SCF=   8  NormRD=  0.000015724370  Uele= -3.390202798431
   SCF=   9  NormRD=  0.000001417504  Uele= -3.390191865799
   SCF=  10  NormRD=  0.000000183254  Uele= -3.390192775469
   SCF=  11  NormRD=  0.000000024206  Uele= -3.390192893772
   SCF=  12  NormRD=  0.000000000039  Uele= -3.390192911669
   SCF=  13  NormRD=  0.000000000027  Uele= -3.390192911669

*******************************************************
        Total energy (Hartree) at MD = 1        
*******************************************************

  Uele.         -3.390192911669

  Ukin.          7.872122636670
  UH0.        -345.716509366355
  UH1.           0.054796343446
  Una.          -5.502656577166
  Unl.          -0.828658639184
  Uxc0.         -1.919794408788
  Uxc1.         -1.919794408788
  Ucore.       336.379069197030
  Uhub.          0.000000000000
  Ucs.           0.000000000000
  Uzs.           0.000000000000
  Uzo.           0.000000000000
  Uef.           0.000000000000
  UvdW.          0.000000000000
  Uch.           0.000000000000
  Utot.        -11.581425223136

  UpV.           0.000000000000
  Enpy.        -11.581425223136
  Note:

  Utot = Ukin+UH0+UH1+Una+Unl+Uxc0+Uxc1+Ucore+Uhub+Ucs+Uzs+Uzo+Uef+UvdW+Uch

  Uele:   band energy
  Ukin:   kinetic energy
  UH0:    electric part of screened Coulomb energy
  UH1:    difference electron-electron Coulomb energy
  Una:    neutral atom potential energy
  Unl:    non-local potential energy
  Uxc0:   exchange-correlation energy for alpha spin
  Uxc1:   exchange-correlation energy for beta spin
  Ucore:  core-core Coulomb energy
  Uhub:   LDA+U energy
  Ucs:    constraint energy for spin orientation
  Uzs:    Zeeman term for spin magnetic moment
  Uzo:    Zeeman term for orbital magnetic moment
  Uef:    electric energy by electric field
  UvdW:   semi-empirical vdW energy
  Uch:    penalty term to create a core hole

  UpV:    pressure times volume
  Enpy:   Enthalpy = Utot + UpV
  (see also PRB 72, 045121(2005) for the energy contributions)



  Chemical potential (Hartree)       0.000000000000

***********************************************************
***********************************************************
           Eigenvalues (Hartree) of SCF KS-eq.           
***********************************************************
***********************************************************

   Chemical Potential (Hartree) =   0.00000000000000
   Number of States             =   8.00000000000000
   Eigenvalues


   kloop=0
   k1=  -0.25000 k2=  -0.25000 k3=  -0.25000

    1   -0.80890726657452
    2   -0.80890726657452
    3   -0.33820087986249
    4   -0.33820087986249
    5   -0.16918266092301
    6   -0.16918266092301
    7   -0.16918108984819
    8   -0.16918108984819
    9    0.22498605914528
   10    0.22498605914528
   11    0.22498792103770
   12    0.22498792103770
   13    0.23858710961224
   14    0.23858710961224
   15    0.49228239326225
   16    0.49228239326225

   kloop=1
   k1=  -0.25000 k2=  -0.25000 k3=   0.25000

    1   -0.65488157578617
    2   -0.65488157578617
    3   -0.48527859274921
    4   -0.48527859274921
    5   -0.34172315574438
    6   -0.34172315574438
    7   -0.28308852756190
    8   -0.28308852756190
    9    0.21953121949832
   10    0.21953121949832
   11    0.40195994752260
   12    0.40195994752260
   13    0.41167620944281
   14    0.41167620944281
   15    0.50187546467874
   16    0.50187546467874

   kloop=2
   k1=  -0.25000 k2=   0.25000 k3=  -0.25000

    1   -0.65488465055528
    2   -0.65488465055528
    3   -0.48527577439520
    4   -0.48527577439520
    5   -0.34172057360371
    6   -0.34172057360371
    7   -0.28308840949267
    8   -0.28308840949267
    9    0.21952999485995
   10    0.21952999485995
   11    0.40195875380140
   12    0.40195875380140
   13    0.41167574588373
   14    0.41167574588373
   15    0.50187415319595
   16    0.50187415319595

   kloop=3
   k1=  -0.25000 k2=   0.25000 k3=   0.25000

    1   -0.65488300875661
    2   -0.65488300875661
    3   -0.48527651473372
    4   -0.48527651473372
    5   -0.34172254160961
    6   -0.34172254160961
    7   -0.28308893642060
    8   -0.28308893642060
    9    0.21953012725230
   10    0.21953012725230
   11    0.40195950996932
   12    0.40195950996932
   13    0.41167688739022
   14    0.41167688739022
   15    0.50187404195336
   16    0.50187404195336

   kloop=4
   k1=   0.25000 k2=  -0.25000 k3=  -0.25000

    1   -0.65488260068052
    2   -0.65488260068052
    3   -0.48527765341076
    4   -0.48527765341076
    5   -0.34172229470366
    6   -0.34172229470366
    7   -0.28308848802411
    8   -0.28308848802411
    9    0.21953081142565
   10    0.21953081142565
   11    0.40195954945129
   12    0.40195954945129
   13    0.41167605394510
   14    0.41167605394510
   15    0.50187502727464
   16    0.50187502727464

   kloop=5
   k1=   0.25000 k2=  -0.25000 k3=   0.25000

    1   -0.65488095894030
    2   -0.65488095894030
    3   -0.48527839352254
    4   -0.48527839352254
    5   -0.34172426336124
    6   -0.34172426336124
    7   -0.28308901530382
    8   -0.28308901530382
    9    0.21953094352181
   10    0.21953094352181
   11    0.40196030595975
   12    0.40196030595975
   13    0.41167719738486
   14    0.41167719738486
   15    0.50187491652977
   16    0.50187491652977

   kloop=6
   k1=   0.25000 k2=   0.25000 k3=  -0.25000

    1   -0.65488403370781
    2   -0.65488403370781
    3   -0.48527557516998
    4   -0.48527557516998
    5   -0.34172168122454
    6   -0.34172168122454
    7   -0.28308889725106
    8   -0.28308889725106
    9    0.21952971890738
   10    0.21952971890738
   11    0.40195911222050
   12    0.40195911222050
   13    0.41167673385991
   14    0.41167673385991
   15    0.50187360502994
   16    0.50187360502994

   kloop=7
   k1=   0.25000 k2=   0.25000 k3=   0.25000

    1   -0.80890660543787
    2   -0.80890660543787
    3   -0.33820244079374
    4   -0.33820244079374
    5   -0.16918307872190
    6   -0.16918307872190
    7   -0.16918150780560
    8   -0.16918150780560
    9    0.22498664852338
   10    0.22498664852338
   11    0.22498851052095
   12    0.22498851052095
   13    0.23858755848278
   14    0.23858755848278
   15    0.49228318916009
   16    0.49228318916009

***********************************************************
***********************************************************
              History of geometry optimization             
***********************************************************
***********************************************************

  MD_iter   SD_scaling     |Maximum force|   Maximum step        Utot
                           (Hartree/Bohr)        (Ang)         (Hartree)

    1       1.25981732       0.01868739       0.01245826     -11.58142522

***********************************************************
***********************************************************
                   Mulliken populations                    
***********************************************************
***********************************************************

   Total spin moment (muB)   0.000000000   Angles (Deg) 90.000000000   0.000000000

               Up       Down      Sum      Diff        theta      phi
    1    C   2.00000  2.00000   4.00000   0.00000    90.00000    0.00000
    2    C   2.00000  2.00000   4.00000   0.00000    90.00000    0.00000

 Sum of MulP: up   =     4.00000 down          =     4.00000
              total=     8.00000 ideal(neutral)=     8.00000


  Decomposed Mulliken populations

    1    C          Up spin      Down spin     Sum           Diff           Angles(Deg)
            multiple
  s           0    0.529442902  0.529442902   1.058885803   0.000000000    90.0000    0.0000
   sum over m      0.529442902  0.529442902   1.058885803   0.000000000
   sum over m+mul  0.529442902  0.529442902   1.058885803   0.000000000
  px          0    0.490185699  0.490185699   0.980371399   0.000000000    90.0000    0.0000
  py          0    0.490185699  0.490185699   0.980371399   0.000000000    90.0000    0.0000
  pz          0    0.490185699  0.490185699   0.980371399   0.000000000    90.0000    0.0000
   sum over m      1.470557098  1.470557098   2.941114197   0.000000000
   sum over m+mul  1.470557098  1.470557098   2.941114197   0.000000000

    2    C          Up spin      Down spin     Sum           Diff           Angles(Deg)
            multiple
  s           0    0.529442902  0.529442902   1.058885803   0.000000000    90.0000    0.0000
   sum over m      0.529442902  0.529442902   1.058885803   0.000000000
   sum over m+mul  0.529442902  0.529442902   1.058885803   0.000000000
  px          0    0.490185699  0.490185699   0.980371399   0.000000000    90.0000    0.0000
  py          0    0.490185699  0.490185699   0.980371399   0.000000000    90.0000    0.0000
  pz          0    0.490185699  0.490185699   0.980371399   0.000000000    90.0000    0.0000
   sum over m      1.470557098  1.470557098   2.941114197   0.000000000
   sum over m+mul  1.470557098  1.470557098   2.941114197   0.000000000

***********************************************************
***********************************************************
                     Orbital moments                       
***********************************************************
***********************************************************

   Total Orbital Moment (muB)   0.000000000   Angles  (Deg) 90.000000000   0.000000000

          Orbital moment (muB)   theta (Deg)  phi (Deg)
    1    C   0.00000            36.69923  206.56505
    2    C   0.00000           143.30077   26.56505


  Decomposed Orbital Moments

    1    C         Orbital Moment(muB)    Angles (Deg)
            multiple
  s           0    0.000000000           90.0000    0.0000
   sum over m      0.000000000           90.0000    0.0000
  px          0    0.000001499           18.4349  -90.0000
  py          0    0.000001709           33.6901  180.0000
  pz          0    0.000001060           90.0000  206.5651
   sum over m      0.000003548           36.6992  206.5651

    2    C         Orbital Moment(muB)    Angles (Deg)
            multiple
  s           0    0.000000000           90.0000    0.0000
   sum over m      0.000000000           90.0000    0.0000
  px          0    0.000001499          161.5651   90.0000
  py          0    0.000001709          146.3099    0.0000
  pz          0    0.000001060           90.0000   26.5651
   sum over m      0.000003548          143.3008   26.5651

***********************************************************
***********************************************************
                    Dipole moment (Debye)                  
***********************************************************
***********************************************************

 Absolute D        0.00001686

                      Dx                Dy                Dz
 Total              0.00000973        0.00000973        0.00000973
 Core              17.09941620       17.09941620       17.09941620
 Electron         -17.09940647      -17.09940647      -17.09940647
 Back ground       -0.00000000       -0.00000000       -0.00000000

***********************************************************
***********************************************************
       xyz-coordinates (Ang) and forces (Hartree/Bohr)  
***********************************************************
***********************************************************

<coordinates.forces
  2
    1     C     0.00000   0.00000   0.00000  -0.010789168207 -0.010789168214 -0.010789168403
    2     C     0.89000   0.89000   0.89000   0.010789168207  0.010789168214  0.010789168403
coordinates.forces>

***********************************************************
***********************************************************
       Fractional coordinates of the final structure       
***********************************************************
***********************************************************

     1      C     0.00000000000000   0.00000000000000   0.00000000000000
     2      C     0.25000000000000   0.25000000000000   0.25000000000000

***********************************************************
***********************************************************
               Computational Time (second)                 
***********************************************************
***********************************************************

   Elapsed.Time.        15.352

                               Min_ID   Min_Time       Max_ID   Max_Time
   Total Computational Time =     7       15.349          0       15.352
   readfile                 =    12        3.818          3        3.818
   truncation               =     3        1.437          0        1.466
   MD_pac                   =     0        0.000          4        0.018
   OutData                  =     4        0.000          0        0.003
   DFT                      =     0       10.046          3       10.076

*** In DFT ***

   Set_OLP_Kin              =    15        0.067          0        0.675
   Set_Nonlocal             =     0        1.527         15        2.136
   Set_ProExpn_VNA          =     7        0.610          0        1.507
   Set_Hamiltonian          =    16        1.367          5        1.367
   Poisson                  =     5        0.001         10        0.001
   Diagonalization          =     0        2.320          9        2.320
   Mixing_DM                =     2        0.005         14        0.005
   Force                    =     0        0.306          5        0.306
   Total_Energy             =     6        1.630          0        1.631
   Set_Aden_Grid            =     0        0.005          7        0.902
   Set_Orbitals_Grid        =     2        0.000          0        0.095
   Set_Density_Grid         =     2        0.568         14        0.569
   RestartFileDFT           =     5        0.003          9        0.023
   Mulliken_Charge          =     1        0.001          6        0.001
   FFT(2D)_Density          =     2        0.003         13        0.003
   Others                   =     0        0.017          5        0.156
