***********************************************************
***********************************************************

  This calculation was performed by OpenMX Ver. 3.9.9 GPU
  using 18 MPI processes and 1 OpenMP threads.

  Mon May  4 21:31:54 2026

***********************************************************
***********************************************************

#
#      File Name      
#

System.CurrrentDirectory         ./    # default=./
System.Name                      H2O
level.of.stdout                   1    # default=1 (1-3)
level.of.fileout                  1    # default=1 (0-2)

#
# restart using *.rst
#

scf.restart                     off    # on|off, default=off

#
# Definition of Atomic Species
#

Species.Number       2
<Definition.of.Atomic.Species
 H   H6.0-s1p1      H_CA19
 O   O6.0-s1p1      O_CA19
Definition.of.Atomic.Species>

#
# Atoms
#

Atoms.Number         3
Atoms.SpeciesAndCoordinates.Unit   Ang # Ang|AU
<Atoms.SpeciesAndCoordinates           # Unit=Ang.
 1  O  0.000  0.000  0.000  3.0 3.0
 2  H  0.757  0.586  0.000  0.5 0.5
 3  H -0.757  0.586  0.000  0.5 0.5
Atoms.SpeciesAndCoordinates>
Atoms.UnitVectors.Unit             Ang #  Ang|AU
#<Atoms.UnitVectors                     
#  10.0   0.0   0.0  
#   0.0  10.0   0.0  
#   0.0   0.0  10.0  
#Atoms.UnitVectors>

#
# SCF or Electronic System
#

scf.XcType                  LDA        # LDA|LSDA-CA|LSDA-PW|GGA-PBE
scf.SpinPolarization        off        # On|Off|NC
scf.ElectronicTemperature  100.0       # default=300 (K)
scf.energycutoff           150.0       # default=150 (Ry)
scf.maxIter                100         # default=40
scf.EigenvalueSolver     Cluster       # DC|GDC|Cluster|Band
scf.Kgrid                  1 1 1       # means 4x4x4
scf.Mixing.Type           rmm-diis     # Simple|Rmm-Diis|Gr-Pulay|Kerker|Rmm-Diisk
scf.Init.Mixing.Weight     0.10        # default=0.30 
scf.Min.Mixing.Weight      0.001       # default=0.001 
scf.Max.Mixing.Weight      0.400       # default=0.40 
scf.Mixing.History          7          # default=5
scf.Mixing.StartPulay       5          # default=6
scf.criterion             1.0e-10      # default=1.0e-6 (Hartree) 
scf.eigen.lib             cusolver

#
# MD or Geometry Optimization
#

MD.Type                     opt        # Nomd|Opt|NVE|NVT_VS|NVT_NH
                                       # Constraint_Opt|DIIS2|Constraint_DIIS2
MD.maxIter                   2         # default=1
MD.TimeStep                1.0         # default=0.5 (fs)
MD.Opt.criterion          1.0e-14      # default=1.0e-4 (Hartree/bohr)
MD.Opt.DIIS_Mixing          0.01       # default=0.5


***********************************************************
***********************************************************

  Required cutoff energy (Ryd) for 3D-grids = 150.0000
      Used cutoff energy (Ryd) for 3D-grids = 150.0010, 150.0010, 150.0010
  Num. of grids of a-, b-, and c-axes = 64, 60, 54

  Num.Grid1.    64
  Num.Grid2.    60
  Num.Grid3.    54


  Cell_Volume =   3499.720575024560 (Bohr^3)
  GridVol     =      0.016877510489 (Bohr^3)
  Cell vectors (bohr) of the grid cell (gtv)
    gtv_a =  0.256509111003,  0.000000000000,  0.000000000000
    gtv_b =  0.000000000000,  0.256509111003,  0.000000000000
    gtv_c =  0.000000000000,  0.000000000000,  0.256509111003
    |gtv_a| =  0.256509111003
    |gtv_b| =  0.256509111003
    |gtv_c| =  0.256509111003

***********************************************************
***********************************************************


***********************************************************
***********************************************************
                  SCF history at MD= 1                    
***********************************************************
***********************************************************

   SCF=   1  NormRD=  1.000000000000  Uele= -5.178671411001
   SCF=   2  NormRD=  0.476348053699  Uele= -4.884726700908
   SCF=   3  NormRD=  0.726682355509  Uele= -3.440896089987
   SCF=   4  NormRD=  0.814763898816  Uele= -3.225770905999
   SCF=   5  NormRD=  0.772193390213  Uele= -3.281726719135
   SCF=   6  NormRD=  0.731975234949  Uele= -3.334755341502
   SCF=   7  NormRD=  0.081580415556  Uele= -4.143535824113
   SCF=   8  NormRD=  0.019065178573  Uele= -4.259610644938
   SCF=   9  NormRD=  0.007109726789  Uele= -4.283508586277
   SCF=  10  NormRD=  0.003792456331  Uele= -4.289374868773
   SCF=  11  NormRD=  0.001282074328  Uele= -4.292743961280
   SCF=  12  NormRD=  0.000700624749  Uele= -4.293760194331
   SCF=  13  NormRD=  0.000007726146  Uele= -4.294931398684
   SCF=  14  NormRD=  0.000000505515  Uele= -4.294944690050
   SCF=  15  NormRD=  0.000000082841  Uele= -4.294945173953
   SCF=  16  NormRD=  0.000000001992  Uele= -4.294945311281
   SCF=  17  NormRD=  0.000000000008  Uele= -4.294945308580
   SCF=  18  NormRD=  0.000000000000  Uele= -4.294945308585

*******************************************************
        Total energy (Hartree) at MD = 1        
*******************************************************

  Uele.         -4.294945308585

  Ukin.         12.539346497161
  UH0.         -20.135991826795
  UH1.           0.048769426940
  Una.         -15.707493896776
  Unl.           3.365929069121
  Uxc0.         -2.214126112615
  Uxc1.         -2.214126112615
  Ucore.         6.982816022051
  Uhub.          0.000000000000
  Ucs.           0.000000000000
  Uzs.           0.000000000000
  Uzo.           0.000000000000
  Uef.           0.000000000000
  UvdW.          0.000000000000
  Uch.           0.000000000000
  Utot.        -17.334876933527

  UpV.           0.000000000000
  Enpy.        -17.334876933527
  Note:

  Utot = Ukin+UH0+UH1+Una+Unl+Uxc0+Uxc1+Ucore+Uhub+Ucs+Uzs+Uzo+Uef+UvdW+Uch

  Uele:   band energy
  Ukin:   kinetic energy
  UH0:    electric part of screened Coulomb energy
  UH1:    difference electron-electron Coulomb energy
  Una:    neutral atom potential energy
  Unl:    non-local potential energy
  Uxc0:   exchange-correlation energy for alpha spin
  Uxc1:   exchange-correlation energy for beta spin
  Ucore:  core-core Coulomb energy
  Uhub:   LDA+U energy
  Ucs:    constraint energy for spin orientation
  Uzs:    Zeeman term for spin magnetic moment
  Uzo:    Zeeman term for orbital magnetic moment
  Uef:    electric energy by electric field
  UvdW:   semi-empirical vdW energy
  Uch:    penalty term to create a core hole

  UpV:    pressure times volume
  Enpy:   Enthalpy = Utot + UpV
  (see also PRB 72, 045121(2005) for the energy contributions)



  Chemical potential (Hartree)      -0.234375000000

***********************************************************
***********************************************************
                  SCF history at MD= 2                    
***********************************************************
***********************************************************

   SCF=   1  NormRD=  1.000000000000  Uele= -3.957206161651
   SCF=   2  NormRD=  0.203676157749  Uele= -4.433873441084
   SCF=   3  NormRD=  0.044943400428  Uele= -4.059343689202
   SCF=   4  NormRD=  0.008896903714  Uele= -4.128771379835
   SCF=   5  NormRD=  0.004278494524  Uele= -4.110212700950
   SCF=   6  NormRD=  0.001503526956  Uele= -4.109226148324
   SCF=   7  NormRD=  0.000140650748  Uele= -4.111556447561
   SCF=   8  NormRD=  0.000002202727  Uele= -4.111747755530
   SCF=   9  NormRD=  0.000000082959  Uele= -4.111745699098
   SCF=  10  NormRD=  0.000000006815  Uele= -4.111745581702
   SCF=  11  NormRD=  0.000000000380  Uele= -4.111745590993
   SCF=  12  NormRD=  0.000000000004  Uele= -4.111745591583
   SCF=  13  NormRD=  0.000000000000  Uele= -4.111745591577

*******************************************************
        Total energy (Hartree) at MD = 2        
*******************************************************

  Uele.         -4.111745591577

  Ukin.         12.244505522720
  UH0.         -19.813198680551
  UH1.           0.046092839485
  Una.         -15.159152078803
  Unl.           3.336295797662
  Uxc0.         -2.178548677641
  Uxc1.         -2.178548677641
  Ucore.         6.354236414149
  Uhub.          0.000000000000
  Ucs.           0.000000000000
  Uzs.           0.000000000000
  Uzo.           0.000000000000
  Uef.           0.000000000000
  UvdW.          0.000000000000
  Uch.           0.000000000000
  Utot.        -17.348317540619

  UpV.           0.000000000000
  Enpy.        -17.348317540619
  Note:

  Utot = Ukin+UH0+UH1+Una+Unl+Uxc0+Uxc1+Ucore+Uhub+Ucs+Uzs+Uzo+Uef+UvdW+Uch

  Uele:   band energy
  Ukin:   kinetic energy
  UH0:    electric part of screened Coulomb energy
  UH1:    difference electron-electron Coulomb energy
  Una:    neutral atom potential energy
  Unl:    non-local potential energy
  Uxc0:   exchange-correlation energy for alpha spin
  Uxc1:   exchange-correlation energy for beta spin
  Ucore:  core-core Coulomb energy
  Uhub:   LDA+U energy
  Ucs:    constraint energy for spin orientation
  Uzs:    Zeeman term for spin magnetic moment
  Uzo:    Zeeman term for orbital magnetic moment
  Uef:    electric energy by electric field
  UvdW:   semi-empirical vdW energy
  Uch:    penalty term to create a core hole

  UpV:    pressure times volume
  Enpy:   Enthalpy = Utot + UpV
  (see also PRB 72, 045121(2005) for the energy contributions)



  Chemical potential (Hartree)      -0.117187500000

***********************************************************
***********************************************************
            Eigenvalues (Hartree) for SCF KS-eq.           
***********************************************************
***********************************************************

   Chemical Potential (Hartree) =  -0.11718750000000
   Number of States             =   8.00000000000000
   HOMO =  4
   Eigenvalues
                Up-spin            Down-spin
          1  -0.92980078044704  -0.92980078044704
          2  -0.48821100734746  -0.48821100734746
          3  -0.35282019192137  -0.35282019192137
          4  -0.28504081607267  -0.28504081607267
          5  -0.00127952365776  -0.00127952365776
          6   0.04288569756879   0.04288569756879
          7   0.20121503647171   0.20121503647171
          8   0.22851030445210   0.22851030445210
          9   0.29476583119509   0.29476583119509
         10   0.34631424371234   0.34631424371234
         11   0.50350291851402   0.50350291851402
         12   0.59043289264424   0.59043289264424

***********************************************************
***********************************************************
              History of geometry optimization             
***********************************************************
***********************************************************

  MD_iter   SD_scaling     |Maximum force|   Maximum step        Utot
                           (Hartree/Bohr)        (Ang)         (Hartree)

    1       1.25981732       0.09080272       0.06053515     -17.33487693
    2       0.62990866       0.01550311       0.00516770     -17.34831754

***********************************************************
***********************************************************
                   Mulliken populations                    
***********************************************************
***********************************************************

  Total spin moment (muB)   0.000000000

                    Up spin      Down spin     Sum           Diff
      1    O      3.269049544  3.269049544   6.538099087   0.000000000
      2    H      0.365475228  0.365475228   0.730950457   0.000000000
      3    H      0.365475228  0.365475228   0.730950456   0.000000000

 Sum of MulP: up   =     4.00000 down          =     4.00000
              total=     8.00000 ideal(neutral)=     8.00000


  Decomposed Mulliken populations

    1    O          Up spin      Down spin     Sum           Diff
            multiple
  s           0    0.909592851  0.909592851   1.819185702   0.000000000
   sum over m      0.909592851  0.909592851   1.819185702   0.000000000
   sum over m+mul  0.909592851  0.909592851   1.819185702   0.000000000
  px          0    0.655837492  0.655837492   1.311674985   0.000000000
  py          0    0.774699849  0.774699849   1.549399698   0.000000000
  pz          0    0.928919351  0.928919351   1.857838702   0.000000000
   sum over m      2.359456692  2.359456692   4.718913385   0.000000000
   sum over m+mul  2.359456692  2.359456692   4.718913385   0.000000000

    2    H          Up spin      Down spin     Sum           Diff
            multiple
  s           0    0.330260796  0.330260796   0.660521592   0.000000000
   sum over m      0.330260796  0.330260796   0.660521592   0.000000000
   sum over m+mul  0.330260796  0.330260796   0.660521592   0.000000000
  px          0   -0.031845388 -0.031845388  -0.063690776   0.000000000
  py          0    0.031519496  0.031519496   0.063038992   0.000000000
  pz          0    0.035540325  0.035540325   0.071080649   0.000000000
   sum over m      0.035214432  0.035214432   0.070428865   0.000000000
   sum over m+mul  0.035214432  0.035214432   0.070428865   0.000000000

    3    H          Up spin      Down spin     Sum           Diff
            multiple
  s           0    0.330260796  0.330260796   0.660521592   0.000000000
   sum over m      0.330260796  0.330260796   0.660521592   0.000000000
   sum over m+mul  0.330260796  0.330260796   0.660521592   0.000000000
  px          0   -0.031845388 -0.031845388  -0.063690776   0.000000000
  py          0    0.031519496  0.031519496   0.063038992   0.000000000
  pz          0    0.035540325  0.035540325   0.071080649   0.000000000
   sum over m      0.035214432  0.035214432   0.070428865   0.000000000
   sum over m+mul  0.035214432  0.035214432   0.070428865   0.000000000

***********************************************************
***********************************************************
                    Dipole moment (Debye)                  
***********************************************************
***********************************************************

 Absolute D        1.97377856

                      Dx                Dy                Dz
 Total              0.00000000        1.97377856       -0.00000000
 Core              -0.00000000        4.22092276       -0.00000000
 Electron           0.00000000       -2.24714420       -0.00000000
 Back ground        0.00000000       -0.00000000        0.00000000

***********************************************************
***********************************************************
       xyz-coordinates (Ang) and forces (Hartree/Bohr)  
***********************************************************
***********************************************************

<coordinates.forces
  3
    1     O    -0.00000  -0.05849  -0.00000   0.000000000252  0.015503107056  0.000000000000
    2     H     0.81021   0.61487   0.00000   0.008174365979 -0.007353122556  0.000000000000
    3     H    -0.81021   0.61487  -0.00000  -0.008174366028 -0.007353122498 -0.000000000000
coordinates.forces>

***********************************************************
***********************************************************
       Fractional coordinates of the final structure       
***********************************************************
***********************************************************

     1      O     0.99999999999836   0.99281778632382  -0.00000000000000
     2      H     0.09326369522853   0.07549657457587   0.00000000000000
     3      H     0.90673630477299   0.07549657457409  -0.00000000000000

***********************************************************
***********************************************************
               Computational Time (second)                 
***********************************************************
***********************************************************

   Elapsed.Time.         8.151

                               Min_ID   Min_Time       Max_ID   Max_Time
   Total Computational Time =     4        8.127          0        8.151
   readfile                 =     1        3.635          0        3.635
   truncation               =    15        0.070          1        0.079
   MD_pac                   =     0        0.000          4        0.001
   OutData                  =    10        0.449          0        0.473
   DFT                      =     1        3.962         15        3.971

*** In DFT ***

   Set_OLP_Kin              =    13        0.000          0        0.016
   Set_Nonlocal             =     0        0.017         16        0.033
   Set_ProExpn_VNA          =    15        0.310          6        0.320
   Set_Hamiltonian          =     8        0.175          5        0.175
   Poisson                  =     9        0.056          6        0.056
   Diagonalization          =    15        3.007         12        3.007
   Mixing_DM                =     1        0.003          5        0.003
   Force                    =    16        0.064          1        0.064
   Total_Energy             =     1        0.078          0        0.078
   Set_Aden_Grid            =     6        0.011          3        0.020
   Set_Orbitals_Grid        =     3        0.000          1        0.046
   Set_Density_Grid         =    16        0.091          7        0.124
   RestartFileDFT           =     2        0.005          3        0.057
   Mulliken_Charge          =    10        0.002          0        0.002
   FFT(2D)_Density          =     0        0.000          0        0.000
   Others                   =     0        0.014         16        0.121
