***********************************************************
***********************************************************

  This calculation was performed by OpenMX Ver. 3.9.9 GPU
  using 18 MPI processes and 1 OpenMP threads.

  Wed Mar 18 14:41:55 2026

***********************************************************
***********************************************************

#
# File Name
#

System.CurrrentDirectory         ./    # default=./
System.Name                      cdia_cluster
level.of.stdout                   1    # default=1 (1-3)
level.of.fileout                  0    # default=1 (0-2)
DATA.PATH                       ../../DFT_DATA19

#
# Definition of Atomic Species
#

Species.Number       1
<Definition.of.Atomic.Species
 C   C6.0-s2p2d1   C_PBE19
Definition.of.Atomic.Species>

#
# Atoms
#

Atoms.Number         2
Atoms.SpeciesAndCoordinates.Unit   Ang # Ang|AU
<Atoms.SpeciesAndCoordinates           
 1  C  0.000  0.000  0.000   2.0 2.0
 2  C  0.890  0.890  0.890   2.0 2.0
Atoms.SpeciesAndCoordinates>
Atoms.UnitVectors.Unit             Ang # Ang|AU
<Atoms.UnitVectors                     
   1.7800  1.7800  0.0000
   1.7800  0.0000  1.7800
   0.0000  1.7800  1.7800
Atoms.UnitVectors>

#
# SCF or Electronic System
#

scf.XcType                  GGA-PBE        # LDA|LSDA-CA|LSDA-PW|GGA-PBE
scf.SpinPolarization        off        # On|Off|NC
scf.ElectronicTemperature  300.0       # default=300 (K)
scf.energycutoff           150.0       # default=150 (Ry)
scf.maxIter                 40        # default=40
scf.EigenvalueSolver       cluster        # DC|GDC|Cluster|Band
scf.Kgrid                  1 1 1       # means n1 x n2 x n3
scf.Mixing.Type           rmm-diisk    # Simple|Rmm-Diis|Gr-Pulay|Kerker|Rmm-Diisk
scf.Init.Mixing.Weight     0.30        # default=0.30 
scf.Min.Mixing.Weight      0.001       # default=0.001 
scf.Max.Mixing.Weight      0.700       # default=0.40 
scf.Mixing.History          7          # default=5
scf.Mixing.StartPulay       5          # default=6
scf.criterion             1.0e-10      # default=1.0e-6 (Hartree) 
scf.eigen.lib              cusolver

#
# MD or Geometry Optimization
#

MD.Type                      Opt      # Nomd|Opt|NVE|NVT_VS|NVT_NH
MD.maxIter                    1        # default=1
MD.TimeStep                   1        # default=0.5 (fs)
MD.Opt.criterion         1.0e-5        # default=1.0e-4 (Hartree/bohr)

#
# Band dispersion 
#

Band.dispersion              off        # on|off, default=off
<Band.KPath.UnitCell
3.56  0.00  0.00
0.00  3.56  0.00
0.00  0.00  3.56
Band.KPath.UnitCell>
# if <Band.KPath.UnitCell does not exist,
#     the reciprical lattice vector is employed. 
Band.Nkpath                5
<Band.kpath                
   25  0.0 0.0 0.0   1.0 0.0 0.0   g X
   25  1.0 0.0 0.0   1.0 0.5 0.0   X W
   25  1.0 0.5 0.0   0.5 0.5 0.5   W L
   25  0.5 0.5 0.5   0.0 0.0 0.0   L g
   25  0.0 0.0 0.0   1.0 0.0 0.0   g X 
Band.kpath>

#
# MO output
#

MO.fileout                       off   # on|off
num.HOMOs                         1    # default=2
num.LUMOs                         1    # default=2
MO.Nkpoint                        2    # default=1 
<MO.kpoint
  0.0  0.0  0.0
  0.0  0.0  0.2
MO.kpoint>

#
# DOS and PDOS
#

Dos.fileout                  off        # on|off, default=off
Dos.Erange              -25.0  20.0    # default = -20 20 
Dos.Kgrid                12 12 12      # default = Kgrid1 Kgrid2 Kgrid3
FermiSurfer.fileout          off       


***********************************************************
***********************************************************

  Required cutoff energy (Ryd) for 3D-grids = 150.0000
      Used cutoff energy (Ryd) for 3D-grids = 147.1993, 147.1993, 147.1993
  Num. of grids of a-, b-, and c-axes = 15, 15, 15

  Num.Grid1.    15
  Num.Grid2.    15
  Num.Grid3.    15


  Cell_Volume =     76.117849485348 (Bohr^3)
  GridVol     =      0.022553436885 (Bohr^3)
  Cell vectors (bohr) of the grid cell (gtv)
    gtv_a =  0.224247483978,  0.224247483978,  0.000000000000
    gtv_b =  0.224247483978,  0.000000000000,  0.224247483978
    gtv_c =  0.000000000000,  0.224247483978,  0.224247483978
    |gtv_a| =  0.317133833170
    |gtv_b| =  0.317133833170
    |gtv_c| =  0.317133833170

***********************************************************
***********************************************************


***********************************************************
***********************************************************
                  SCF history at MD= 1                    
***********************************************************
***********************************************************

   SCF=   1  NormRD=  1.000000000000  Uele= -2.052594881324
   SCF=   2  NormRD=  0.962350788740  Uele= -2.052594881324
   SCF=   3  NormRD=  0.301447120100  Uele= -1.763065761774
   SCF=   4  NormRD=  0.094387662606  Uele= -1.673911444421
   SCF=   5  NormRD=  0.029599123638  Uele= -1.647399334701
   SCF=   6  NormRD=  0.000126892368  Uele= -1.636319604508
   SCF=   7  NormRD=  0.000031060660  Uele= -1.636322989993
   SCF=   8  NormRD=  0.000000292129  Uele= -1.636322792249
   SCF=   9  NormRD=  0.000000027534  Uele= -1.636322762280
   SCF=  10  NormRD=  0.000000029120  Uele= -1.636322771851
   SCF=  11  NormRD=  0.000000002051  Uele= -1.636322772256
   SCF=  12  NormRD=  0.000000000010  Uele= -1.636322773488
   SCF=  13  NormRD=  0.000000000001  Uele= -1.636322773492

*******************************************************
        Total energy (Hartree) at MD = 1        
*******************************************************

  Uele.         -1.636322773492

  Ukin.         11.539634108472
  UH0.        -345.716509366355
  UH1.           0.073572886259
  Una.          -6.521184963909
  Unl.          -2.154738850175
  Uxc0.         -2.088169323949
  Uxc1.         -2.088169323949
  Ucore.       336.379069197030
  Uhub.          0.000000000000
  Ucs.           0.000000000000
  Uzs.           0.000000000000
  Uzo.           0.000000000000
  Uef.           0.000000000000
  UvdW.          0.000000000000
  Uch.           0.000000000000
  Utot.        -10.576495636576

  UpV.           0.000000000000
  Enpy.        -10.576495636576
  Note:

  Utot = Ukin+UH0+UH1+Una+Unl+Uxc0+Uxc1+Ucore+Uhub+Ucs+Uzs+Uzo+Uef+UvdW+Uch

  Uele:   band energy
  Ukin:   kinetic energy
  UH0:    electric part of screened Coulomb energy
  UH1:    difference electron-electron Coulomb energy
  Una:    neutral atom potential energy
  Unl:    non-local potential energy
  Uxc0:   exchange-correlation energy for alpha spin
  Uxc1:   exchange-correlation energy for beta spin
  Ucore:  core-core Coulomb energy
  Uhub:   LDA+U energy
  Ucs:    constraint energy for spin orientation
  Uzs:    Zeeman term for spin magnetic moment
  Uzo:    Zeeman term for orbital magnetic moment
  Uef:    electric energy by electric field
  UvdW:   semi-empirical vdW energy
  Uch:    penalty term to create a core hole

  UpV:    pressure times volume
  Enpy:   Enthalpy = Utot + UpV
  (see also PRB 72, 045121(2005) for the energy contributions)



  Chemical potential (Hartree)       0.098349801265

***********************************************************
***********************************************************
            Eigenvalues (Hartree) for SCF KS-eq.           
***********************************************************
***********************************************************

   Chemical Potential (Hartree) =   0.09834980126470
   Number of States             =   8.00000000000000
   HOMO =  4
   Eigenvalues
                Up-spin            Down-spin
          1  -0.82124318014167  -0.82124318014167
          2   0.00086489477449   0.00086489477449
          3   0.00086489520321   0.00086489520321
          4   0.00135200341791   0.00135200341791
          5   0.19562323049972   0.19562323049972
          6   0.19562323140328   0.19562323140328
          7   0.19575492724040   0.19575492724040
          8   0.52927634482777   0.52927634482777
          9   0.96050652923418   0.96050652923418
         10   0.96050653052505   0.96050653052505
         11   0.97334691066322   0.97334691066322
         12   1.39433669329213   1.39433669329213
         13   1.39590355090278   1.39590355090278
         14   1.39590355359936   1.39590355359936
         15   1.89055520069131   1.89055520069131
         16   1.89055520154468   1.89055520154468
         17   1.89069808019790   1.89069808019790
         18   2.82858982805722   2.82858982805722
         19   2.82858984092345   2.82858984092345
         20   4.50321717789848   4.50321717789848
         21   4.50557360466357   4.50557360466357
         22   4.50557367083076   4.50557367083076
         23   6.53972880969187   6.53972880969187
         24   6.53972883832161   6.53972883832161
         25   6.54195182113971   6.54195182113971
         26   7.18274808291653   7.18274808291653

***********************************************************
***********************************************************
              History of geometry optimization             
***********************************************************
***********************************************************

  MD_iter   SD_scaling     |Maximum force|   Maximum step        Utot
                           (Hartree/Bohr)        (Ang)         (Hartree)

    1       1.25981696       0.00034795       0.00023197     -10.57649564

***********************************************************
***********************************************************
                   Mulliken populations                    
***********************************************************
***********************************************************

  Total spin moment (muB)   0.000000000

                    Up spin      Down spin     Sum           Diff
      1    C      2.000000000  2.000000000   4.000000000   0.000000000
      2    C      2.000000000  2.000000000   4.000000000   0.000000000

 Sum of MulP: up   =     4.00000 down          =     4.00000
              total=     8.00000 ideal(neutral)=     8.00000


  Decomposed Mulliken populations

    1    C          Up spin      Down spin     Sum           Diff
            multiple
  s           0    0.595898842  0.595898842   1.191797684   0.000000000
   sum over m      0.595898842  0.595898842   1.191797684   0.000000000
  s           1   -0.095898864 -0.095898864  -0.191797729   0.000000000
   sum over m     -0.095898864 -0.095898864  -0.191797729   0.000000000
   sum over m+mul  0.499999977  0.499999977   0.999999955   0.000000000
  px          0    0.421627375  0.421627375   0.843254749   0.000000000
  py          0    0.421627375  0.421627375   0.843254749   0.000000000
  pz          0    0.421627365  0.421627365   0.843254730   0.000000000
   sum over m      1.264882115  1.264882115   2.529764229   0.000000000
  px          1    0.029944290  0.029944290   0.059888580   0.000000000
  py          1    0.029944290  0.029944290   0.059888580   0.000000000
  pz          1    0.029944299  0.029944299   0.059888598   0.000000000
   sum over m      0.089832879  0.089832879   0.179665759   0.000000000
   sum over m+mul  1.354714994  1.354714994   2.709429988   0.000000000
  d3z^2-r^2   0    0.000000000  0.000000000   0.000000000   0.000000000
  dx^2-y^2    0    0.000000000  0.000000000   0.000000000   0.000000000
  dxy         0    0.048428343  0.048428343   0.096856687   0.000000000
  dxz         0    0.048428343  0.048428343   0.096856685   0.000000000
  dyz         0    0.048428343  0.048428343   0.096856685   0.000000000
   sum over m      0.145285029  0.145285029   0.290570057   0.000000000
   sum over m+mul  0.145285029  0.145285029   0.290570057   0.000000000

    2    C          Up spin      Down spin     Sum           Diff
            multiple
  s           0    0.595898842  0.595898842   1.191797684   0.000000000
   sum over m      0.595898842  0.595898842   1.191797684   0.000000000
  s           1   -0.095898864 -0.095898864  -0.191797729   0.000000000
   sum over m     -0.095898864 -0.095898864  -0.191797729   0.000000000
   sum over m+mul  0.499999977  0.499999977   0.999999955   0.000000000
  px          0    0.421627375  0.421627375   0.843254749   0.000000000
  py          0    0.421627375  0.421627375   0.843254749   0.000000000
  pz          0    0.421627365  0.421627365   0.843254730   0.000000000
   sum over m      1.264882115  1.264882115   2.529764229   0.000000000
  px          1    0.029944290  0.029944290   0.059888580   0.000000000
  py          1    0.029944290  0.029944290   0.059888580   0.000000000
  pz          1    0.029944299  0.029944299   0.059888598   0.000000000
   sum over m      0.089832879  0.089832879   0.179665759   0.000000000
   sum over m+mul  1.354714994  1.354714994   2.709429988   0.000000000
  d3z^2-r^2   0    0.000000000  0.000000000   0.000000000   0.000000000
  dx^2-y^2    0    0.000000000  0.000000000   0.000000000   0.000000000
  dxy         0    0.048428343  0.048428343   0.096856687   0.000000000
  dxz         0    0.048428343  0.048428343   0.096856685   0.000000000
  dyz         0    0.048428343  0.048428343   0.096856685   0.000000000
   sum over m      0.145285029  0.145285029   0.290570057   0.000000000
   sum over m+mul  0.145285029  0.145285029   0.290570057   0.000000000

***********************************************************
***********************************************************
                    Dipole moment (Debye)                  
***********************************************************
***********************************************************

 Absolute D        0.00009519

                      Dx                Dy                Dz
 Total             -0.00005496       -0.00005495       -0.00005495
 Core              17.09941620       17.09941620       17.09941620
 Electron         -17.09947116      -17.09947116      -17.09947116
 Back ground       -0.00000000       -0.00000000       -0.00000000

***********************************************************
***********************************************************
       xyz-coordinates (Ang) and forces (Hartree/Bohr)  
***********************************************************
***********************************************************

<coordinates.forces
  2
    1     C     0.00000   0.00000   0.00000  -0.000200890860 -0.000200890860 -0.000200890966
    2     C     0.89000   0.89000   0.89000   0.000200890860  0.000200890859  0.000200890966
coordinates.forces>

***********************************************************
***********************************************************
       Fractional coordinates of the final structure       
***********************************************************
***********************************************************

     1      C     0.00000000000000   0.00000000000000   0.00000000000000
     2      C     0.25000000000000   0.25000000000000   0.25000000000000

***********************************************************
***********************************************************
               Computational Time (second)                 
***********************************************************
***********************************************************

   Elapsed.Time.        24.788

                               Min_ID   Min_Time       Max_ID   Max_Time
   Total Computational Time =     3       24.785          0       24.788
   readfile                 =    14        3.999         11        3.999
   truncation               =    10        1.428          0        1.475
   MD_pac                   =     0        0.000         14        0.001
   OutData                  =     8        0.000          0        0.003
   DFT                      =     0       19.308         10       19.356

*** In DFT ***

   Set_OLP_Kin              =    17        0.066          0        1.840
   Set_Nonlocal             =     0        3.231         17        5.005
   Set_ProExpn_VNA          =    13        1.320          0        5.350
   Set_Hamiltonian          =    12        1.091          3        1.091
   Poisson                  =     6        0.001          0        0.001
   Diagonalization          =     1        2.044          0        2.044
   Mixing_DM                =     6        0.003         10        0.003
   Force                    =     0        2.759          5        2.759
   Total_Energy             =    12        1.660          0        1.660
   Set_Aden_Grid            =     0        0.005         16        4.034
   Set_Orbitals_Grid        =     2        0.000          0        0.121
   Set_Density_Grid         =     5        0.781         14        0.781
   RestartFileDFT           =    16        0.100         12        0.415
   Mulliken_Charge          =     4        0.001          0        0.001
   FFT(2D)_Density          =     3        0.002         11        0.002
   Others                   =     1        0.105          7        0.488
