***********************************************************
***********************************************************

  This calculation was performed by OpenMX Ver. 3.9.9 GPU
  using 18 MPI processes and 1 OpenMP threads.

  Sat Apr 25 12:35:24 2026

***********************************************************
***********************************************************

#
# File Name
#

System.CurrrentDirectory         ./    # default=./
System.Name                      cdia
level.of.stdout                   1    # default=1 (1-3)
level.of.fileout                  0    # default=1 (0-2)
DATA.PATH                       ../../DFT_DATA19

#
# Definition of Atomic Species
#

Species.Number       1
<Definition.of.Atomic.Species
 C   C6.0-s2p2d1   C_PBE19
Definition.of.Atomic.Species>

#
# Atoms
#

Atoms.Number         2
Atoms.SpeciesAndCoordinates.Unit   Ang # Ang|AU
<Atoms.SpeciesAndCoordinates           
 1  C  0.000  0.000  0.000   2.0 2.0
 2  C  0.890  0.890  0.890   2.0 2.0
Atoms.SpeciesAndCoordinates>
Atoms.UnitVectors.Unit             Ang # Ang|AU
<Atoms.UnitVectors                     
   1.7800  1.7800  0.0000
   1.7800  0.0000  1.7800
   0.0000  1.7800  1.7800
Atoms.UnitVectors>

#
# SCF or Electronic System
#

scf.XcType                  GGA-PBE        # LDA|LSDA-CA|LSDA-PW|GGA-PBE
scf.SpinPolarization        off        # On|Off|NC
scf.ElectronicTemperature  300.0       # default=300 (K)
scf.energycutoff           150.0       # default=150 (Ry)
scf.maxIter                 40        # default=40
scf.EigenvalueSolver       band        # DC|GDC|Cluster|Band
scf.Kgrid                  2 2 2       # means n1 x n2 x n3
scf.Mixing.Type           rmm-diisk    # Simple|Rmm-Diis|Gr-Pulay|Kerker|Rmm-Diisk
scf.Init.Mixing.Weight     0.30        # default=0.30 
scf.Min.Mixing.Weight      0.001       # default=0.001 
scf.Max.Mixing.Weight      0.700       # default=0.40 
scf.Mixing.History          7          # default=5
scf.Mixing.StartPulay       5          # default=6
scf.criterion             1.0e-10      # default=1.0e-6 (Hartree) 
scf.eigen.lib              cusolver

#
# MD or Geometry Optimization
#

MD.Type                      Opt      # Nomd|Opt|NVE|NVT_VS|NVT_NH
MD.maxIter                    1        # default=1
MD.TimeStep                   1        # default=0.5 (fs)
MD.Opt.criterion         1.0e-5        # default=1.0e-4 (Hartree/bohr)

#
# Band dispersion 
#

Band.dispersion              off        # on|off, default=off
<Band.KPath.UnitCell
3.56  0.00  0.00
0.00  3.56  0.00
0.00  0.00  3.56
Band.KPath.UnitCell>
# if <Band.KPath.UnitCell does not exist,
#     the reciprical lattice vector is employed. 
Band.Nkpath                5
<Band.kpath                
   25  0.0 0.0 0.0   1.0 0.0 0.0   g X
   25  1.0 0.0 0.0   1.0 0.5 0.0   X W
   25  1.0 0.5 0.0   0.5 0.5 0.5   W L
   25  0.5 0.5 0.5   0.0 0.0 0.0   L g
   25  0.0 0.0 0.0   1.0 0.0 0.0   g X 
Band.kpath>

#
# MO output
#

MO.fileout                       off   # on|off
num.HOMOs                         1    # default=2
num.LUMOs                         1    # default=2
MO.Nkpoint                        2    # default=1 
<MO.kpoint
  0.0  0.0  0.0
  0.0  0.0  0.2
MO.kpoint>

#
# DOS and PDOS
#

Dos.fileout                  off        # on|off, default=off
Dos.Erange              -25.0  20.0    # default = -20 20 
Dos.Kgrid                12 12 12      # default = Kgrid1 Kgrid2 Kgrid3
FermiSurfer.fileout          off       


***********************************************************
***********************************************************

  Required cutoff energy (Ryd) for 3D-grids = 150.0000
      Used cutoff energy (Ryd) for 3D-grids = 147.1993, 147.1993, 147.1993
  Num. of grids of a-, b-, and c-axes = 15, 15, 15

  Num.Grid1.    15
  Num.Grid2.    15
  Num.Grid3.    15


  Cell_Volume =     76.117849485348 (Bohr^3)
  GridVol     =      0.022553436885 (Bohr^3)
  Cell vectors (bohr) of the grid cell (gtv)
    gtv_a =  0.224247483978,  0.224247483978,  0.000000000000
    gtv_b =  0.224247483978,  0.000000000000,  0.224247483978
    gtv_c =  0.000000000000,  0.224247483978,  0.224247483978
    |gtv_a| =  0.317133833170
    |gtv_b| =  0.317133833170
    |gtv_c| =  0.317133833170

***********************************************************
***********************************************************


***********************************************************
***********************************************************
                  SCF history at MD= 1                    
***********************************************************
***********************************************************

   SCF=   1  NormRD=  1.000000000000  Uele= -3.141921849245
   SCF=   2  NormRD=  0.646879496676  Uele= -3.141921849245
   SCF=   3  NormRD=  0.296850298762  Uele= -3.225455253517
   SCF=   4  NormRD=  0.096933997635  Uele= -3.258056571467
   SCF=   5  NormRD=  0.028336914650  Uele= -3.261670089207
   SCF=   6  NormRD=  0.000173558818  Uele= -3.259760722477
   SCF=   7  NormRD=  0.000032662197  Uele= -3.259783108414
   SCF=   8  NormRD=  0.000001106105  Uele= -3.259771913425
   SCF=   9  NormRD=  0.000000209894  Uele= -3.259771732866
   SCF=  10  NormRD=  0.000000004766  Uele= -3.259771748456
   SCF=  11  NormRD=  0.000000000058  Uele= -3.259771748721
   SCF=  12  NormRD=  0.000000000052  Uele= -3.259771748713

*******************************************************
        Total energy (Hartree) at MD = 1        
*******************************************************

  Uele.         -3.259771748713

  Ukin.          8.492811924329
  UH0.        -345.716509366355
  UH1.           0.025241423963
  Una.          -5.820228970013
  Unl.          -1.096986681273
  Uxc0.         -1.968370265905
  Uxc1.         -1.968370265905
  Ucore.       336.379069197030
  Uhub.          0.000000000000
  Ucs.           0.000000000000
  Uzs.           0.000000000000
  Uzo.           0.000000000000
  Uef.           0.000000000000
  UvdW.          0.000000000000
  Uch.           0.000000000000
  Utot.        -11.673343004128

  UpV.           0.000000000000
  Enpy.        -11.673343004128
  Note:

  Utot = Ukin+UH0+UH1+Una+Unl+Uxc0+Uxc1+Ucore+Uhub+Ucs+Uzs+Uzo+Uef+UvdW+Uch

  Uele:   band energy
  Ukin:   kinetic energy
  UH0:    electric part of screened Coulomb energy
  UH1:    difference electron-electron Coulomb energy
  Una:    neutral atom potential energy
  Unl:    non-local potential energy
  Uxc0:   exchange-correlation energy for alpha spin
  Uxc1:   exchange-correlation energy for beta spin
  Ucore:  core-core Coulomb energy
  Uhub:   LDA+U energy
  Ucs:    constraint energy for spin orientation
  Uzs:    Zeeman term for spin magnetic moment
  Uzo:    Zeeman term for orbital magnetic moment
  Uef:    electric energy by electric field
  UvdW:   semi-empirical vdW energy
  Uch:    penalty term to create a core hole

  UpV:    pressure times volume
  Enpy:   Enthalpy = Utot + UpV
  (see also PRB 72, 045121(2005) for the energy contributions)



  Chemical potential (Hartree)       0.000000000000

***********************************************************
***********************************************************
           Eigenvalues (Hartree) of SCF KS-eq.           
***********************************************************
***********************************************************

   Chemical Potential (Hartree) =   0.00000000000000
   Number of States             =   8.00000000000000
   Eigenvalues
              Up-spin           Down-spin

   kloop=0
   k1=  -0.25000 k2=  -0.25000 k3=  -0.25000

    1   -0.80582727931858  -0.80582727931858
    2   -0.31930129424873  -0.31930129424873
    3   -0.14178025507642  -0.14178025507642
    4   -0.14177862668189  -0.14177862668189
    5    0.21412705979635   0.21412705979635
    6    0.21412892074676   0.21412892074676
    7    0.22751918655405   0.22751918655405
    8    0.49738207191224   0.49738207191224
    9    0.83199336190981   0.83199336190981
   10    0.83199830791517   0.83199830791517
   11    0.83904865193056   0.83904865193056
   12    1.30191265457557   1.30191265457557
   13    1.58687085252037   1.58687085252037
   14    1.58687463208233   1.58687463208233
   15    1.79560450312792   1.79560450312792
   16    1.79560649948127   1.79560649948127
   17    2.05848254541418   2.05848254541418
   18    2.63812407625250   2.63812407625250
   19    2.63813295715058   2.63813295715058
   20    2.97041054537022   2.97041054537022
   21    3.84323148508773   3.84323148508773
   22    3.84325300571081   3.84325300571081
   23    5.29384132621444   5.29384132621444
   24    5.29387909405488   5.29387909405488
   25    6.06697729249257   6.06697729249257
   26    8.50890952725670   8.50890952725670

   kloop=1
   k1=  -0.25000 k2=  -0.25000 k3=   0.25000

    1   -0.64637073996623  -0.64637073996623
    2   -0.47580084457589  -0.47580084457589
    3   -0.32417502619987  -0.32417502619987
    4   -0.25727332984680  -0.25727332984680
    5    0.15390137823584   0.15390137823584
    6    0.36569666446895   0.36569666446895
    7    0.40419570072543   0.40419570072543
    8    0.42485730202639   0.42485730202639
    9    0.70148098192139   0.70148098192139
   10    0.86509155838077   0.86509155838077
   11    1.04750126947456   1.04750126947456
   12    1.34162143423014   1.34162143423014
   13    1.39133865667620   1.39133865667620
   14    1.70596442314830   1.70596442314830
   15    1.83628093551812   1.83628093551812
   16    1.97892452835349   1.97892452835349
   17    2.03771079435208   2.03771079435208
   18    2.18693998253030   2.18693998253030
   19    2.32907155406018   2.32907155406018
   20    2.41868012018977   2.41868012018977
   21    2.64598641293141   2.64598641293141
   22    2.80623922701224   2.80623922701224
   23    4.67427920427877   4.67427920427877
   24    5.33873949794670   5.33873949794670
   25    6.68194551423901   6.68194551423901
   26    7.65804818759615   7.65804818759615

   kloop=2
   k1=  -0.25000 k2=   0.25000 k3=  -0.25000

    1   -0.64637415329492  -0.64637415329492
    2   -0.47579769765622  -0.47579769765622
    3   -0.32417214728699  -0.32417214728699
    4   -0.25727318154518  -0.25727318154518
    5    0.15390110576046   0.15390110576046
    6    0.36569466019367   0.36569466019367
    7    0.40419513052560   0.40419513052560
    8    0.42485561604114   0.42485561604114
    9    0.70148464412942   0.70148464412942
   10    0.86508925685780   0.86508925685780
   11    1.04750677469565   1.04750677469565
   12    1.34161710563229   1.34161710563229
   13    1.39133766128107   1.39133766128107
   14    1.70596086507565   1.70596086507565
   15    1.83628259625777   1.83628259625777
   16    1.97892880127881   1.97892880127881
   17    2.03770245235323   2.03770245235323
   18    2.18694898273737   2.18694898273737
   19    2.32906930002859   2.32906930002859
   20    2.41867949660566   2.41867949660566
   21    2.64599184723829   2.64599184723829
   22    2.80624661457581   2.80624661457581
   23    4.67430028139163   4.67430028139163
   24    5.33874234270824   5.33874234270824
   25    6.68193787515523   6.68193787515523
   26    7.65803833752115   7.65803833752115

   kloop=3
   k1=  -0.25000 k2=   0.25000 k3=   0.25000

    1   -0.64637239481976  -0.64637239481976
    2   -0.47579838653180  -0.47579838653180
    3   -0.32417437535124  -0.32417437535124
    4   -0.25727376502446  -0.25727376502446
    5    0.15390065318526   0.15390065318526
    6    0.36569363365856   0.36569363365856
    7    0.40419664822731   0.40419664822731
    8    0.42485756452272   0.42485756452272
    9    0.70148331963234   0.70148331963234
   10    0.86508988516992   0.86508988516992
   11    1.04750504677042   1.04750504677042
   12    1.34161972547885   1.34161972547885
   13    1.39133962232610   1.39133962232610
   14    1.70596196190514   1.70596196190514
   15    1.83628495692192   1.83628495692192
   16    1.97892418132157   1.97892418132157
   17    2.03770516865373   2.03770516865373
   18    2.18694531130537   2.18694531130537
   19    2.32907134967515   2.32907134967515
   20    2.41867914809130   2.41867914809130
   21    2.64598603199076   2.64598603199076
   22    2.80624264664548   2.80624264664548
   23    4.67430088703854   4.67430088703854
   24    5.33875215813321   5.33875215813321
   25    6.68195021573448   6.68195021573448
   26    7.65804433950386   7.65804433950386

***********************************************************
***********************************************************
              History of geometry optimization             
***********************************************************
***********************************************************

  MD_iter   SD_scaling     |Maximum force|   Maximum step        Utot
                           (Hartree/Bohr)        (Ang)         (Hartree)

    1       1.25981732       0.01478584       0.00985723     -11.67334300

***********************************************************
***********************************************************
                   Mulliken populations                    
***********************************************************
***********************************************************

  Total spin moment (muB)   0.000000000

                    Up spin      Down spin     Sum           Diff
      1    C      2.000000000  2.000000000   4.000000001   0.000000000
      2    C      2.000000000  2.000000000   3.999999999   0.000000000

 Sum of MulP: up   =     4.00000 down          =     4.00000
              total=     8.00000 ideal(neutral)=     8.00000


  Decomposed Mulliken populations

    1    C          Up spin      Down spin     Sum           Diff
            multiple
  s           0    0.478322802  0.478322802   0.956645603   0.000000000
   sum over m      0.478322802  0.478322802   0.956645603   0.000000000
  s           1    0.013181618  0.013181618   0.026363235   0.000000000
   sum over m      0.013181618  0.013181618   0.026363235   0.000000000
   sum over m+mul  0.491504419  0.491504419   0.983008839   0.000000000
  px          0    0.460560724  0.460560724   0.921121448   0.000000000
  py          0    0.460560520  0.460560520   0.921121040   0.000000000
  pz          0    0.460560947  0.460560947   0.921121894   0.000000000
   sum over m      1.381682191  1.381682191   2.763364381   0.000000000
  px          1    0.017859058  0.017859058   0.035718116   0.000000000
  py          1    0.017858983  0.017858983   0.035717967   0.000000000
  pz          1    0.017858949  0.017858949   0.035717898   0.000000000
   sum over m      0.053576990  0.053576990   0.107153980   0.000000000
   sum over m+mul  1.435259181  1.435259181   2.870518362   0.000000000
  d3z^2-r^2   0    0.010432081  0.010432081   0.020864161   0.000000000
  dx^2-y^2    0    0.010432031  0.010432031   0.020864061   0.000000000
  dxy         0    0.017457457  0.017457457   0.034914913   0.000000000
  dxz         0    0.017457395  0.017457395   0.034914789   0.000000000
  dyz         0    0.017457438  0.017457438   0.034914876   0.000000000
   sum over m      0.073236400  0.073236400   0.146472800   0.000000000
   sum over m+mul  0.073236400  0.073236400   0.146472800   0.000000000

    2    C          Up spin      Down spin     Sum           Diff
            multiple
  s           0    0.478322802  0.478322802   0.956645604   0.000000000
   sum over m      0.478322802  0.478322802   0.956645604   0.000000000
  s           1    0.013181618  0.013181618   0.026363236   0.000000000
   sum over m      0.013181618  0.013181618   0.026363236   0.000000000
   sum over m+mul  0.491504420  0.491504420   0.983008839   0.000000000
  px          0    0.460560724  0.460560724   0.921121447   0.000000000
  py          0    0.460560520  0.460560520   0.921121039   0.000000000
  pz          0    0.460560947  0.460560947   0.921121894   0.000000000
   sum over m      1.381682190  1.381682190   2.763364380   0.000000000
  px          1    0.017859058  0.017859058   0.035718116   0.000000000
  py          1    0.017858983  0.017858983   0.035717967   0.000000000
  pz          1    0.017858949  0.017858949   0.035717898   0.000000000
   sum over m      0.053576990  0.053576990   0.107153980   0.000000000
   sum over m+mul  1.435259180  1.435259180   2.870518360   0.000000000
  d3z^2-r^2   0    0.010432081  0.010432081   0.020864161   0.000000000
  dx^2-y^2    0    0.010432030  0.010432030   0.020864061   0.000000000
  dxy         0    0.017457457  0.017457457   0.034914913   0.000000000
  dxz         0    0.017457395  0.017457395   0.034914789   0.000000000
  dyz         0    0.017457438  0.017457438   0.034914875   0.000000000
   sum over m      0.073236400  0.073236400   0.146472800   0.000000000
   sum over m+mul  0.073236400  0.073236400   0.146472800   0.000000000

***********************************************************
***********************************************************
                    Dipole moment (Debye)                  
***********************************************************
***********************************************************

 Absolute D        0.00001066

                      Dx                Dy                Dz
 Total              0.00000615        0.00000615        0.00000615
 Core              17.09941620       17.09941620       17.09941620
 Electron         -17.09941005      -17.09941005      -17.09941005
 Back ground       -0.00000000       -0.00000000       -0.00000000

***********************************************************
***********************************************************
       xyz-coordinates (Ang) and forces (Hartree/Bohr)  
***********************************************************
***********************************************************

<coordinates.forces
  2
    1     C     0.00000   0.00000   0.00000  -0.008536264349 -0.008537162579 -0.008536398659
    2     C     0.89000   0.89000   0.89000   0.008536264351  0.008537162578  0.008536398658
coordinates.forces>

***********************************************************
***********************************************************
       Fractional coordinates of the final structure       
***********************************************************
***********************************************************

     1      C     0.00000000000000   0.00000000000000   0.00000000000000
     2      C     0.25000000000000   0.25000000000000   0.25000000000000

***********************************************************
***********************************************************
               Computational Time (second)                 
***********************************************************
***********************************************************

   Elapsed.Time.        29.588

                               Min_ID   Min_Time       Max_ID   Max_Time
   Total Computational Time =    16       29.585          0       29.588
   readfile                 =     6        4.110         17        4.110
   truncation               =     2        2.178          1        2.250
   MD_pac                   =     0        0.001          6        0.002
   OutData                  =     1        0.000          0        0.003
   DFT                      =     1       23.220          2       23.293

*** In DFT ***

   Set_OLP_Kin              =    12        0.104          1        2.355
   Set_Nonlocal             =     1        1.122         12        3.373
   Set_ProExpn_VNA          =    15        1.364          0        9.097
   Set_Hamiltonian          =     3        3.019          6        3.019
   Poisson                  =     0        0.001          7        0.001
   Diagonalization          =     0        0.253         17        0.253
   Mixing_DM                =     4        0.003         16        0.003
   Force                    =     7        3.561          0        3.561
   Total_Energy             =     1        2.599          0        2.599
   Set_Aden_Grid            =     0        0.006         15        7.738
   Set_Orbitals_Grid        =     2        0.000          1        0.166
   Set_Density_Grid         =     5        1.006          1        1.006
   RestartFileDFT           =    10        0.004          7        0.015
   Mulliken_Charge          =     1        0.002          6        0.002
   FFT(2D)_Density          =     7        0.002         16        0.002
   Others                   =     1        0.024         11        0.263
