***********************************************************
***********************************************************

  This calculation was performed by OpenMX Ver. 3.9.9 GPU
  using 18 MPI processes and 1 OpenMP threads.

  Tue May  5 19:24:29 2026

***********************************************************
***********************************************************

#
# File Name
#

System.CurrrentDirectory         ./    # default=./
System.Name                      cdia_cluster_nc
level.of.stdout                   1    # default=1 (1-3)
level.of.fileout                  0    # default=1 (0-2)
DATA.PATH                       ../../DFT_DATA19

#
# Definition of Atomic Species
#

Species.Number       1
<Definition.of.Atomic.Species
 C   C6.0-s2p2d1   C_PBE19
Definition.of.Atomic.Species>

#
# Atoms
#

Atoms.Number         2
Atoms.SpeciesAndCoordinates.Unit   Ang # Ang|AU
<Atoms.SpeciesAndCoordinates           
 1  C  0.000  0.000  0.000   2.0 2.0
 2  C  0.890  0.890  0.890   2.0 2.0
Atoms.SpeciesAndCoordinates>
Atoms.UnitVectors.Unit             Ang # Ang|AU
<Atoms.UnitVectors                     
   1.7800  1.7800  0.0000
   1.7800  0.0000  1.7800
   0.0000  1.7800  1.7800
Atoms.UnitVectors>

#
# SCF or Electronic System
#

scf.XcType                  GGA-PBE        # LDA|LSDA-CA|LSDA-PW|GGA-PBE
scf.SpinPolarization        nc        # On|Off|NC
scf.ElectronicTemperature  300.0       # default=300 (K)
scf.energycutoff           150.0       # default=150 (Ry)
scf.maxIter                 40        # default=40
scf.EigenvalueSolver       cluster        # DC|GDC|Cluster|Band
scf.Kgrid                  1 1 1       # means n1 x n2 x n3
scf.Mixing.Type           rmm-diisk    # Simple|Rmm-Diis|Gr-Pulay|Kerker|Rmm-Diisk
scf.Init.Mixing.Weight     0.30        # default=0.30 
scf.Min.Mixing.Weight      0.001       # default=0.001 
scf.Max.Mixing.Weight      0.700       # default=0.40 
scf.Mixing.History          7          # default=5
scf.Mixing.StartPulay       5          # default=6
scf.criterion             1.0e-10      # default=1.0e-6 (Hartree) 
scf.eigen.lib              cusolver

#
# MD or Geometry Optimization
#

MD.Type                      Opt      # Nomd|Opt|NVE|NVT_VS|NVT_NH
MD.maxIter                    1        # default=1
MD.TimeStep                   1        # default=0.5 (fs)
MD.Opt.criterion         1.0e-5        # default=1.0e-4 (Hartree/bohr)

#
# Band dispersion 
#

Band.dispersion              off        # on|off, default=off
<Band.KPath.UnitCell
3.56  0.00  0.00
0.00  3.56  0.00
0.00  0.00  3.56
Band.KPath.UnitCell>
# if <Band.KPath.UnitCell does not exist,
#     the reciprical lattice vector is employed. 
Band.Nkpath                5
<Band.kpath                
   25  0.0 0.0 0.0   1.0 0.0 0.0   g X
   25  1.0 0.0 0.0   1.0 0.5 0.0   X W
   25  1.0 0.5 0.0   0.5 0.5 0.5   W L
   25  0.5 0.5 0.5   0.0 0.0 0.0   L g
   25  0.0 0.0 0.0   1.0 0.0 0.0   g X 
Band.kpath>

#
# MO output
#

MO.fileout                       off   # on|off
num.HOMOs                         1    # default=2
num.LUMOs                         1    # default=2
MO.Nkpoint                        2    # default=1 
<MO.kpoint
  0.0  0.0  0.0
  0.0  0.0  0.2
MO.kpoint>

#
# DOS and PDOS
#

Dos.fileout                  off        # on|off, default=off
Dos.Erange              -25.0  20.0    # default = -20 20 
Dos.Kgrid                12 12 12      # default = Kgrid1 Kgrid2 Kgrid3
FermiSurfer.fileout          off       


***********************************************************
***********************************************************

  Required cutoff energy (Ryd) for 3D-grids = 150.0000
      Used cutoff energy (Ryd) for 3D-grids = 147.1993, 147.1993, 147.1993
  Num. of grids of a-, b-, and c-axes = 15, 15, 15

  Num.Grid1.    15
  Num.Grid2.    15
  Num.Grid3.    15


  Cell_Volume =     76.117849485348 (Bohr^3)
  GridVol     =      0.022553436885 (Bohr^3)
  Cell vectors (bohr) of the grid cell (gtv)
    gtv_a =  0.224247483978,  0.224247483978,  0.000000000000
    gtv_b =  0.224247483978,  0.000000000000,  0.224247483978
    gtv_c =  0.000000000000,  0.224247483978,  0.224247483978
    |gtv_a| =  0.317133833170
    |gtv_b| =  0.317133833170
    |gtv_c| =  0.317133833170

***********************************************************
***********************************************************


***********************************************************
***********************************************************
                  SCF history at MD= 1                    
***********************************************************
***********************************************************

   SCF=   1  NormRD=  1.000000000000  Uele= -2.052594881324
   SCF=   2  NormRD=  1.360969537196  Uele= -2.052594881324
   SCF=   3  NormRD=  1.220568882604  Uele= -2.012057615326
   SCF=   4  NormRD=  0.576350664140  Uele= -1.814022434209
   SCF=   5  NormRD=  0.106897351122  Uele= -1.690587497596
   SCF=   6  NormRD=  0.004870561651  Uele= -1.637819026417
   SCF=   7  NormRD=  0.004015421732  Uele= -1.638016657290
   SCF=   8  NormRD=  0.000146338554  Uele= -1.636358851542
   SCF=   9  NormRD=  0.000013350262  Uele= -1.636320417398
   SCF=  10  NormRD=  0.000001041072  Uele= -1.636323046633
   SCF=  11  NormRD=  0.000000018802  Uele= -1.636322771489
   SCF=  12  NormRD=  0.000000016816  Uele= -1.636322773572
   SCF=  13  NormRD=  0.000000001301  Uele= -1.636322773548

*******************************************************
        Total energy (Hartree) at MD = 1        
*******************************************************

  Uele.         -1.636322773548

  Ukin.         11.539634108485
  UH0.        -345.716509366355
  UH1.           0.073572886254
  Una.          -6.521184963914
  Unl.          -2.154738850182
  Uxc0.         -2.088169323950
  Uxc1.         -2.088169323950
  Ucore.       336.379069197030
  Uhub.          0.000000000000
  Ucs.           0.000000000000
  Uzs.           0.000000000000
  Uzo.           0.000000000000
  Uef.           0.000000000000
  UvdW.          0.000000000000
  Uch.           0.000000000000
  Utot.        -10.576495636581

  UpV.           0.000000000000
  Enpy.        -10.576495636581
  Note:

  Utot = Ukin+UH0+UH1+Una+Unl+Uxc0+Uxc1+Ucore+Uhub+Ucs+Uzs+Uzo+Uef+UvdW+Uch

  Uele:   band energy
  Ukin:   kinetic energy
  UH0:    electric part of screened Coulomb energy
  UH1:    difference electron-electron Coulomb energy
  Una:    neutral atom potential energy
  Unl:    non-local potential energy
  Uxc0:   exchange-correlation energy for alpha spin
  Uxc1:   exchange-correlation energy for beta spin
  Ucore:  core-core Coulomb energy
  Uhub:   LDA+U energy
  Ucs:    constraint energy for spin orientation
  Uzs:    Zeeman term for spin magnetic moment
  Uzo:    Zeeman term for orbital magnetic moment
  Uef:    electric energy by electric field
  UvdW:   semi-empirical vdW energy
  Uch:    penalty term to create a core hole

  UpV:    pressure times volume
  Enpy:   Enthalpy = Utot + UpV
  (see also PRB 72, 045121(2005) for the energy contributions)



  Chemical potential (Hartree)       0.098349801265

***********************************************************
***********************************************************
      Eigenvalues (Hartree) for non-collinear KS-eq.       
***********************************************************
***********************************************************

   Chemical Potential (Hartree) =   0.09834980126470
   Number of States             =   8.00000000000000
   HOMO =  8
   Eigenvalues

          1  -0.82124318014722
          2  -0.82124318014722
          3   0.00086489477993
          4   0.00086489477993
          5   0.00086489520863
          6   0.00086489520863
          7   0.00135200338467
          8   0.00135200338467
          9   0.19562323048826
         10   0.19562323048826
         11   0.19562323139186
         12   0.19562323139186
         13   0.19575492724661
         14   0.19575492724661
         15   0.52927634482059
         16   0.52927634482059
         17   0.96050652923042
         18   0.96050652923042
         19   0.96050653052118
         20   0.96050653052118
         21   0.97334691065524
         22   0.97334691065524
         23   1.39433669329875
         24   1.39433669329875
         25   1.39590355088871
         26   1.39590355088871
         27   1.39590355358980
         28   1.39590355358980
         29   1.89055520068529
         30   1.89055520068529
         31   1.89055520154887
         32   1.89055520154887
         33   1.89069808017472
         34   1.89069808017472
         35   2.82858982805220
         36   2.82858982805220
         37   2.82858984092366
         38   2.82858984092366
         39   4.50321717836310
         40   4.50321717836310
         41   4.50557360349271
         42   4.50557360349271
         43   4.50557367038334
         44   4.50557367038335
         45   6.53972881353862
         46   6.53972881353862
         47   6.53972883921548
         48   6.53972883921548
         49   6.54195182108434
         50   6.54195182108434
         51   7.18274808366202
         52   7.18274808366202

***********************************************************
***********************************************************
              History of geometry optimization             
***********************************************************
***********************************************************

  MD_iter   SD_scaling     |Maximum force|   Maximum step        Utot
                           (Hartree/Bohr)        (Ang)         (Hartree)

    1       1.25981696       0.00034795       0.00023197     -10.57649564

***********************************************************
***********************************************************
                   Mulliken populations                    
***********************************************************
***********************************************************

   Total spin moment (muB)   0.000000000   Angles (Deg) 90.000000000   0.000000000

               Up       Down      Sum      Diff        theta      phi
    1    C   2.00000  2.00000   4.00000   0.00000    90.00000    0.00000
    2    C   2.00000  2.00000   4.00000   0.00000    90.00000    0.00000

 Sum of MulP: up   =     4.00000 down          =     4.00000
              total=     8.00000 ideal(neutral)=     8.00000


  Decomposed Mulliken populations

    1    C          Up spin      Down spin     Sum           Diff           Angles(Deg)
            multiple
  s           0    0.595898842  0.595898842   1.191797683   0.000000000    90.0000    0.0000
   sum over m      0.595898842  0.595898842   1.191797683   0.000000000
  s           1   -0.095898864 -0.095898864  -0.191797729   0.000000000    90.0000    0.0000
   sum over m     -0.095898864 -0.095898864  -0.191797729   0.000000000
   sum over m+mul  0.499999977  0.499999977   0.999999955   0.000000000
  px          0    0.421627375  0.421627375   0.843254749   0.000000000    90.0000    0.0000
  py          0    0.421627375  0.421627375   0.843254749   0.000000000    90.0000    0.0000
  pz          0    0.421627365  0.421627365   0.843254730   0.000000000    90.0000    0.0000
   sum over m      1.264882114  1.264882114   2.529764228   0.000000000
  px          1    0.029944290  0.029944290   0.059888580   0.000000000    90.0000    0.0000
  py          1    0.029944290  0.029944290   0.059888580   0.000000000    90.0000    0.0000
  pz          1    0.029944299  0.029944299   0.059888598   0.000000000    90.0000    0.0000
   sum over m      0.089832879  0.089832879   0.179665758   0.000000000
   sum over m+mul  1.354714993  1.354714993   2.709429987   0.000000000
  d3z^2-r^2   0    0.000000000  0.000000000   0.000000000   0.000000000    90.0000    0.0000
  dx^2-y^2    0    0.000000000  0.000000000   0.000000000   0.000000000    90.0000    0.0000
  dxy         0    0.048428343  0.048428343   0.096856687   0.000000000    90.0000    0.0000
  dxz         0    0.048428343  0.048428343   0.096856685   0.000000000    90.0000    0.0000
  dyz         0    0.048428343  0.048428343   0.096856685   0.000000000    90.0000    0.0000
   sum over m      0.145285029  0.145285029   0.290570058   0.000000000
   sum over m+mul  0.145285029  0.145285029   0.290570058   0.000000000

    2    C          Up spin      Down spin     Sum           Diff           Angles(Deg)
            multiple
  s           0    0.595898842  0.595898842   1.191797684   0.000000000    90.0000    0.0000
   sum over m      0.595898842  0.595898842   1.191797684   0.000000000
  s           1   -0.095898864 -0.095898864  -0.191797729   0.000000000    90.0000    0.0000
   sum over m     -0.095898864 -0.095898864  -0.191797729   0.000000000
   sum over m+mul  0.499999978  0.499999978   0.999999955   0.000000000
  px          0    0.421627375  0.421627375   0.843254750   0.000000000    90.0000    0.0000
  py          0    0.421627375  0.421627375   0.843254750   0.000000000    90.0000    0.0000
  pz          0    0.421627365  0.421627365   0.843254730   0.000000000    90.0000    0.0000
   sum over m      1.264882115  1.264882115   2.529764230   0.000000000
  px          1    0.029944290  0.029944290   0.059888580   0.000000000    90.0000    0.0000
  py          1    0.029944290  0.029944290   0.059888580   0.000000000    90.0000    0.0000
  pz          1    0.029944299  0.029944299   0.059888598   0.000000000    90.0000    0.0000
   sum over m      0.089832879  0.089832879   0.179665759   0.000000000
   sum over m+mul  1.354714994  1.354714994   2.709429989   0.000000000
  d3z^2-r^2   0    0.000000000  0.000000000   0.000000000   0.000000000    90.0000    0.0000
  dx^2-y^2    0    0.000000000  0.000000000   0.000000000   0.000000000    90.0000    0.0000
  dxy         0    0.048428343  0.048428343   0.096856686   0.000000000    90.0000    0.0000
  dxz         0    0.048428343  0.048428343   0.096856685   0.000000000    90.0000    0.0000
  dyz         0    0.048428343  0.048428343   0.096856685   0.000000000    90.0000    0.0000
   sum over m      0.145285029  0.145285029   0.290570057   0.000000000
   sum over m+mul  0.145285029  0.145285029   0.290570057   0.000000000

***********************************************************
***********************************************************
                     Orbital moments                       
***********************************************************
***********************************************************

   Total Orbital Moment (muB)   0.000000000   Angles  (Deg) 90.000000000   0.000000000

          Orbital moment (muB)   theta (Deg)  phi (Deg)
    1    C   0.00000            90.00000    0.00000
    2    C   0.00000            90.00000    0.00000


  Decomposed Orbital Moments

    1    C         Orbital Moment(muB)    Angles (Deg)
            multiple
  s           0    0.000000000           90.0000    0.0000
   sum over m      0.000000000           90.0000    0.0000
  s           1    0.000000000           90.0000    0.0000
   sum over m      0.000000000           90.0000    0.0000
  px          0    0.000000000           90.0000    0.0000
  py          0    0.000000000           90.0000    0.0000
  pz          0    0.000000000           90.0000    0.0000
   sum over m      0.000000000           90.0000    0.0000
  px          1    0.000000000           90.0000    0.0000
  py          1    0.000000000           90.0000    0.0000
  pz          1    0.000000000           90.0000    0.0000
   sum over m      0.000000000           90.0000    0.0000
  d3z^2-r^2   0    0.000000000           90.0000    0.0000
  dx^2-y^2    0    0.000000000           90.0000    0.0000
  dxy         0    0.000000000           90.0000    0.0000
  dxz         0    0.000000000           90.0000    0.0000
  dyz         0    0.000000000           90.0000    0.0000
   sum over m      0.000000000           90.0000    0.0000

    2    C         Orbital Moment(muB)    Angles (Deg)
            multiple
  s           0    0.000000000           90.0000    0.0000
   sum over m      0.000000000           90.0000    0.0000
  s           1    0.000000000           90.0000    0.0000
   sum over m      0.000000000           90.0000    0.0000
  px          0    0.000000000           90.0000    0.0000
  py          0    0.000000000           90.0000    0.0000
  pz          0    0.000000000           90.0000    0.0000
   sum over m      0.000000000           90.0000    0.0000
  px          1    0.000000000           90.0000    0.0000
  py          1    0.000000000           90.0000    0.0000
  pz          1    0.000000000           90.0000    0.0000
   sum over m      0.000000000           90.0000    0.0000
  d3z^2-r^2   0    0.000000000           90.0000    0.0000
  dx^2-y^2    0    0.000000000           90.0000    0.0000
  dxy         0    0.000000000           90.0000    0.0000
  dxz         0    0.000000000           90.0000    0.0000
  dyz         0    0.000000000           90.0000    0.0000
   sum over m      0.000000000           90.0000    0.0000

***********************************************************
***********************************************************
                    Dipole moment (Debye)                  
***********************************************************
***********************************************************

 Absolute D        0.00009519

                      Dx                Dy                Dz
 Total             -0.00005496       -0.00005496       -0.00005496
 Core              17.09941620       17.09941620       17.09941620
 Electron         -17.09947116      -17.09947116      -17.09947116
 Back ground       -0.00000000       -0.00000000       -0.00000000

***********************************************************
***********************************************************
       xyz-coordinates (Ang) and forces (Hartree/Bohr)  
***********************************************************
***********************************************************

<coordinates.forces
  2
    1     C     0.00000   0.00000   0.00000  -0.000200890912 -0.000200890910 -0.000200891017
    2     C     0.89000   0.89000   0.89000   0.000200890912  0.000200890911  0.000200891018
coordinates.forces>

***********************************************************
***********************************************************
       Fractional coordinates of the final structure       
***********************************************************
***********************************************************

     1      C     0.00000000000000   0.00000000000000   0.00000000000000
     2      C     0.25000000000000   0.25000000000000   0.25000000000000

***********************************************************
***********************************************************
               Computational Time (second)                 
***********************************************************
***********************************************************

   Elapsed.Time.        26.479

                               Min_ID   Min_Time       Max_ID   Max_Time
   Total Computational Time =     1       26.351          0       26.479
   readfile                 =    11        4.225         14        4.225
   truncation               =     6        1.423          0        1.476
   MD_pac                   =     0        0.001          4        0.039
   OutData                  =     6        0.000          0        0.128
   DFT                      =     1       20.188          6       20.241

*** In DFT ***

   Set_OLP_Kin              =     4        0.001          0        0.543
   Set_Nonlocal             =     0        0.935          4        1.477
   Set_ProExpn_VNA          =    15        1.095          0        5.194
   Set_Hamiltonian          =    17        3.871          6        3.871
   Poisson                  =    12        0.001         11        0.001
   Diagonalization          =    15        2.216          0        2.216
   Mixing_DM                =     3        0.006         14        0.006
   Force                    =     7        3.043          4        3.043
   Total_Energy             =     1        1.507          0        1.507
   Set_Aden_Grid            =     0        0.005         15        4.105
   Set_Orbitals_Grid        =     2        0.000          1        0.122
   Set_Density_Grid         =     5        2.394          9        2.394
   RestartFileDFT           =    17        0.028          9        0.298
   Mulliken_Charge          =     0        0.003         15        0.003
   FFT(2D)_Density          =     6        0.003          0        0.003
   Others                   =     9        0.221          3        0.491
